<?xml version="1.0" encoding="UTF-8"?>
<!-- Generated by org.testng.reporters.JUnitReportReporter -->
<testsuite skipped="0" hostname="hp-pc" name="zalando_online_session.Automate4byTestNG$Automate3TCByTestNG" tests="1" failures="0" timestamp="2022-09-16T17:32:08 IST" time="0.585" errors="0">
  <testcase name="automateaTestCase3" time="0.585" classname="zalando_online_session.Automate4byTestNG$Automate3TCByTestNG"/>
  <system-out/>
</testsuite> <!-- zalando_online_session.Automate4byTestNG$Automate3TCByTestNG -->
