<?xml version="1.0" encoding="UTF-8"?>
<!-- Generated by org.testng.reporters.JUnitReportReporter -->
<testsuite skipped="0" hostname="hp-pc" name="zalando_online_session.Automate1TCByTestNG" tests="1" failures="0" timestamp="2022-09-16T17:32:08 IST" time="8.098" errors="0">
  <testcase name="automateaTestCase1" time="8.098" classname="zalando_online_session.Automate1TCByTestNG"/>
  <system-out/>
</testsuite> <!-- zalando_online_session.Automate1TCByTestNG -->
