<?xml version="1.0" encoding="UTF-8"?>
<!-- Generated by org.testng.reporters.JUnitReportReporter -->
<testsuite skipped="0" hostname="hp-pc" name="org.sdet40.practice.TestNGPratice" tests="2" failures="0" timestamp="2022-09-12T15:25:41 IST" time="0.015" errors="0">
  <testcase name="testmthod1" time="0.012" classname="org.sdet40.practice.TestNGPratice"/>
  <system-out/>
  <testcase name="testmthod2" time="0.003" classname="org.sdet40.practice.TestNGPratice"/>
  <system-out/>
</testsuite> <!-- org.sdet40.practice.TestNGPratice -->
