<?xml version="1.0" encoding="UTF-8"?>
<!-- Generated by org.testng.reporters.JUnitReportReporter -->
<testsuite skipped="0" hostname="hp-pc" name="org.sdet40.practice.TestNGPractice" tests="2" failures="0" timestamp="2022-09-08T16:50:31 IST" time="0.000" errors="0">
  <testcase name="Test2" time="0.000" classname="org.sdet40.practice.TestNGPractice"/>
  <system-out/>
  <testcase name="Test1" time="0.000" classname="org.sdet40.practice.TestNGPractice"/>
  <system-out/>
</testsuite> <!-- org.sdet40.practice.TestNGPractice -->
