<?xml version="1.0" encoding="UTF-8"?>
<!-- Generated by org.testng.reporters.JUnitReportReporter -->
<testsuite hostname="hp-pc" name="org.sdet40.practice.MavenPracticeTest" tests="1" failures="0" timestamp="20 Sep 2022 11:06:04 GMT" time="26.542" errors="0">
  <testcase name="step1" time="26.542" classname="org.sdet40.practice.MavenPracticeTest"/>
</testsuite> <!-- org.sdet40.practice.MavenPracticeTest -->
